191028.04.01 

-------------------------------------------------------------------------------
   ROBOCOPY     ::     Robust File Copy for Windows                              
-------------------------------------------------------------------------------

  Started : Monday, October 28, 2019 9:36:03 PM
   Source : \\gendoxbuild2019\GendoxBuilds\191028.04.01\Shadow\Docsets\Future\open_specs_blog\documentation\
     Dest : C:\Enoch\gitRepo\Test\TestWindows\open_specs_blog\documentation\

    Files : *.*
	    
Exc Files : docfx.json
	    
  Options : *.* /S /E /DCOPY:DA /COPY:DAT /PURGE /MIR /R:1000000 /W:30 

------------------------------------------------------------------------------

	                   0	\\gendoxbuild2019\GendoxBuilds\191028.04.01\Shadow\Docsets\Future\open_specs_blog\documentation\
	                   0	\\gendoxbuild2019\GendoxBuilds\191028.04.01\Shadow\Docsets\Future\open_specs_blog\documentation\blog\
	                  19	\\gendoxbuild2019\GendoxBuilds\191028.04.01\Shadow\Docsets\Future\open_specs_blog\documentation\blog\MS-OFFINTBLOGLP\
	                   4	\\gendoxbuild2019\GendoxBuilds\191028.04.01\Shadow\Docsets\Future\open_specs_blog\documentation\blog\MS-OFFINTBLOGLP\MS-OFFINTBLOGLP_files\

------------------------------------------------------------------------------

               Total    Copied   Skipped  Mismatch    FAILED    Extras
    Dirs :         4         0         4         0         0         0
   Files :        23         0        23         0         0         0
   Bytes :   415.5 k         0   415.5 k         0         0         0
   Times :   0:00:01   0:00:00                       0:00:00   0:00:01
   Ended : Monday, October 28, 2019 9:36:06 PM

